<?xml version="1.0" encoding="UTF-8" standalone="yes"?><!DOCTYPE report PUBLIC "-//JACOCO//DTD Report 1.1//EN" "report.dtd"><report name="GildedRose"><sessioninfo id="LAPTOP-8VLIVRB0-907537cb" start="1733145850594" dump="1733145851626"/><sessioninfo id="LAPTOP-8VLIVRB0-67d6b9d5" start="1733145865374" dump="1733145866359"/><sessioninfo id="LAPTOP-8VLIVRB0-545e1f5a" start="1733146512552" dump="1733146513661"/><sessioninfo id="LAPTOP-8VLIVRB0-214350b5" start="1733214422672" dump="1733214423676"/><sessioninfo id="LAPTOP-8VLIVRB0-438337bb" start="1733293834071" dump="1733293835083"/><sessioninfo id="LAPTOP-8VLIVRB0-a637de74" start="1733293932974" dump="1733293933935"/><sessioninfo id="LAPTOP-8VLIVRB0-7aa9adab" start="1733294481018" dump="1733294481958"/><sessioninfo id="LAPTOP-8VLIVRB0-843a6b89" start="1733294929321" dump="1733294930328"/><sessioninfo id="LAPTOP-8VLIVRB0-44716236" start="1733303160811" dump="1733303161730"/><sessioninfo id="LAPTOP-8VLIVRB0-8f26663d" start="1733313108133" dump="1733313109325"/><sessioninfo id="LAPTOP-8VLIVRB0-6f9aa48a" start="1733313328424" dump="1733313329547"/><sessioninfo id="LAPTOP-8VLIVRB0-11e52647" start="1733316021702" dump="1733316022833"/><sessioninfo id="LAPTOP-8VLIVRB0-837d0733" start="1733316946811" dump="1733316947961"/><sessioninfo id="LAPTOP-8VLIVRB0-59fb394" start="1733334080685" dump="1733334081615"/><sessioninfo id="LAPTOP-8VLIVRB0-d6cb59e" start="1733334611514" dump="1733334612630"/><sessioninfo id="LAPTOP-8VLIVRB0-6a432d6b" start="1733334759999" dump="1733334760930"/><sessioninfo id="LAPTOP-8VLIVRB0-5ba68e9c" start="1733747552892" dump="1733747553884"/><sessioninfo id="LAPTOP-8VLIVRB0-ed92770a" start="1733747641067" dump="1733747642065"/><sessioninfo id="LAPTOP-8VLIVRB0-4fdf00ef" start="1733747833830" dump="1733747834981"/><sessioninfo id="LAPTOP-8VLIVRB0-9d45c2ef" start="1733748354067" dump="1733748355085"/><sessioninfo id="LAPTOP-8VLIVRB0-723f48ec" start="1733749038339" dump="1733749039318"/><sessioninfo id="LAPTOP-8VLIVRB0-b6836199" start="1733749293937" dump="1733749294921"/><sessioninfo id="LAPTOP-8VLIVRB0-ed55c483" start="1733749526968" dump="1733749527935"/><sessioninfo id="LAPTOP-8VLIVRB0-7ce0812b" start="1733750165414" dump="1733750166490"/><sessioninfo id="LAPTOP-8VLIVRB0-341c6914" start="1733750343900" dump="1733750345041"/><sessioninfo id="LAPTOP-8VLIVRB0-d1d0ad55" start="1733750699956" dump="1733750701035"/><sessioninfo id="LAPTOP-8VLIVRB0-d0f3a393" start="1733750895552" dump="1733750896591"/><sessioninfo id="LAPTOP-8VLIVRB0-8cce3abf" start="1733751083468" dump="1733751084592"/><sessioninfo id="LAPTOP-8VLIVRB0-c9369686" start="1733751124448" dump="1733751125385"/><sessioninfo id="LAPTOP-8VLIVRB0-15ab5a47" start="1733751571468" dump="1733751572647"/><sessioninfo id="LAPTOP-8VLIVRB0-1e95f62" start="1733751629310" dump="1733751630274"/><sessioninfo id="LAPTOP-8VLIVRB0-fa13a7d7" start="1733818465098" dump="1733818466663"/><sessioninfo id="LAPTOP-8VLIVRB0-d3c0bcff" start="1733819951167" dump="1733819952178"/><package name="fi/oulu/tol/sqat"><class name="fi/oulu/tol/sqat/Item" sourcefilename="Item.java"><method name="&lt;init&gt;" desc="(Ljava/lang/String;II)V" line="9"><counter type="INSTRUCTION" missed="0" covered="12"/><counter type="LINE" missed="0" covered="5"/><counter type="COMPLEXITY" missed="0" covered="1"/><counter type="METHOD" missed="0" covered="1"/></method><method name="getName" desc="()Ljava/lang/String;" line="17"><counter type="INSTRUCTION" missed="0" covered="3"/><counter type="LINE" missed="0" covered="1"/><counter type="COMPLEXITY" missed="0" covered="1"/><counter type="METHOD" missed="0" covered="1"/></method><method name="setName" desc="(Ljava/lang/String;)V" line="20"><counter type="INSTRUCTION" missed="0" covered="4"/><counter type="LINE" missed="0" covered="2"/><counter type="COMPLEXITY" missed="0" covered="1"/><counter type="METHOD" missed="0" covered="1"/></method><method name="getSellIn" desc="()I" line="23"><counter type="INSTRUCTION" missed="0" covered="3"/><counter type="LINE" missed="0" covered="1"/><counter type="COMPLEXITY" missed="0" covered="1"/><counter type="METHOD" missed="0" covered="1"/></method><method name="setSellIn" desc="(I)V" line="26"><counter type="INSTRUCTION" missed="0" covered="4"/><counter type="LINE" missed="0" covered="2"/><counter type="COMPLEXITY" missed="0" covered="1"/><counter type="METHOD" missed="0" covered="1"/></method><method name="getQuality" desc="()I" line="29"><counter type="INSTRUCTION" missed="0" covered="3"/><counter type="LINE" missed="0" covered="1"/><counter type="COMPLEXITY" missed="0" covered="1"/><counter type="METHOD" missed="0" covered="1"/></method><method name="setQuality" desc="(I)V" line="32"><counter type="INSTRUCTION" missed="0" covered="4"/><counter type="LINE" missed="0" covered="2"/><counter type="COMPLEXITY" missed="0" covered="1"/><counter type="METHOD" missed="0" covered="1"/></method><counter type="INSTRUCTION" missed="0" covered="33"/><counter type="LINE" missed="0" covered="14"/><counter type="COMPLEXITY" missed="0" covered="7"/><counter type="METHOD" missed="0" covered="7"/><counter type="CLASS" missed="0" covered="1"/></class><class name="fi/oulu/tol/sqat/GildedRose" sourcefilename="GildedRose.java"><method name="main" desc="([Ljava/lang/String;)V" line="16"><counter type="INSTRUCTION" missed="0" covered="63"/><counter type="LINE" missed="0" covered="10"/><counter type="COMPLEXITY" missed="0" covered="1"/><counter type="METHOD" missed="0" covered="1"/></method><method name="updateQuality" desc="()V" line="33"><counter type="INSTRUCTION" missed="0" covered="216"/><counter type="BRANCH" missed="0" covered="34"/><counter type="LINE" missed="0" covered="24"/><counter type="COMPLEXITY" missed="0" covered="18"/><counter type="METHOD" missed="0" covered="1"/></method><method name="&lt;init&gt;" desc="()V" line="109"><counter type="INSTRUCTION" missed="0" covered="7"/><counter type="LINE" missed="0" covered="3"/><counter type="COMPLEXITY" missed="0" covered="1"/><counter type="METHOD" missed="0" covered="1"/></method><method name="getItems" desc="()Ljava/util/List;" line="115"><counter type="INSTRUCTION" missed="0" covered="2"/><counter type="LINE" missed="0" covered="1"/><counter type="COMPLEXITY" missed="0" covered="1"/><counter type="METHOD" missed="0" covered="1"/></method><method name="setItem" desc="(Lfi/oulu/tol/sqat/Item;)V" line="119"><counter type="INSTRUCTION" missed="0" covered="5"/><counter type="LINE" missed="0" covered="2"/><counter type="COMPLEXITY" missed="0" covered="1"/><counter type="METHOD" missed="0" covered="1"/></method><method name="oneDay" desc="()V" line="124"><counter type="INSTRUCTION" missed="0" covered="2"/><counter type="LINE" missed="0" covered="2"/><counter type="COMPLEXITY" missed="0" covered="1"/><counter type="METHOD" missed="0" covered="1"/></method><method name="&lt;clinit&gt;" desc="()V" line="9"><counter type="INSTRUCTION" missed="0" covered="3"/><counter type="LINE" missed="0" covered="1"/><counter type="COMPLEXITY" missed="0" covered="1"/><counter type="METHOD" missed="0" covered="1"/></method><counter type="INSTRUCTION" missed="0" covered="298"/><counter type="BRANCH" missed="0" covered="34"/><counter type="LINE" missed="0" covered="43"/><counter type="COMPLEXITY" missed="0" covered="24"/><counter type="METHOD" missed="0" covered="7"/><counter type="CLASS" missed="0" covered="1"/></class><sourcefile name="Item.java"><line nr="9" mi="0" ci="2" mb="0" cb="0"/><line nr="10" mi="0" ci="3" mb="0" cb="0"/><line nr="11" mi="0" ci="3" mb="0" cb="0"/><line nr="12" mi="0" ci="3" mb="0" cb="0"/><line nr="13" mi="0" ci="1" mb="0" cb="0"/><line nr="17" mi="0" ci="3" mb="0" cb="0"/><line nr="20" mi="0" ci="3" mb="0" cb="0"/><line nr="21" mi="0" ci="1" mb="0" cb="0"/><line nr="23" mi="0" ci="3" mb="0" cb="0"/><line nr="26" mi="0" ci="3" mb="0" cb="0"/><line nr="27" mi="0" ci="1" mb="0" cb="0"/><line nr="29" mi="0" ci="3" mb="0" cb="0"/><line nr="32" mi="0" ci="3" mb="0" cb="0"/><line nr="33" mi="0" ci="1" mb="0" cb="0"/><counter type="INSTRUCTION" missed="0" covered="33"/><counter type="LINE" missed="0" covered="14"/><counter type="COMPLEXITY" missed="0" covered="7"/><counter type="METHOD" missed="0" covered="7"/><counter type="CLASS" missed="0" covered="1"/></sourcefile><sourcefile name="GildedRose.java"><line nr="9" mi="0" ci="3" mb="0" cb="0"/><line nr="16" mi="0" ci="3" mb="0" cb="0"/><line nr="18" mi="0" ci="4" mb="0" cb="0"/><line nr="19" mi="0" ci="9" mb="0" cb="0"/><line nr="20" mi="0" ci="9" mb="0" cb="0"/><line nr="21" mi="0" ci="9" mb="0" cb="0"/><line nr="22" mi="0" ci="9" mb="0" cb="0"/><line nr="23" mi="0" ci="9" mb="0" cb="0"/><line nr="24" mi="0" ci="9" mb="0" cb="0"/><line nr="26" mi="0" ci="1" mb="0" cb="0"/><line nr="27" mi="0" ci="1" mb="0" cb="0"/><line nr="33" mi="0" ci="8" mb="0" cb="2"/><line nr="35" mi="0" ci="16" mb="0" cb="4"/><line nr="37" mi="0" ci="6" mb="0" cb="2"/><line nr="39" mi="0" ci="8" mb="0" cb="2"/><line nr="41" mi="0" ci="13" mb="0" cb="0"/><line nr="47" mi="0" ci="7" mb="0" cb="2"/><line nr="49" mi="0" ci="12" mb="0" cb="0"/><line nr="51" mi="0" ci="8" mb="0" cb="2"/><line nr="53" mi="0" ci="7" mb="0" cb="2"/><line nr="55" mi="0" ci="7" mb="0" cb="2"/><line nr="57" mi="0" ci="12" mb="0" cb="0"/><line nr="61" mi="0" ci="7" mb="0" cb="2"/><line nr="63" mi="0" ci="7" mb="0" cb="2"/><line nr="65" mi="0" ci="12" mb="0" cb="0"/><line nr="72" mi="0" ci="8" mb="0" cb="2"/><line nr="74" mi="0" ci="12" mb="0" cb="0"/><line nr="77" mi="0" ci="6" mb="0" cb="2"/><line nr="79" mi="0" ci="8" mb="0" cb="2"/><line nr="81" mi="0" ci="8" mb="0" cb="2"/><line nr="83" mi="0" ci="6" mb="0" cb="2"/><line nr="85" mi="0" ci="8" mb="0" cb="2"/><line nr="87" mi="0" ci="13" mb="0" cb="0"/><line nr="93" mi="0" ci="16" mb="0" cb="0"/><line nr="106" mi="0" ci="1" mb="0" cb="0"/><line nr="109" mi="0" ci="2" mb="0" cb="0"/><line nr="110" mi="0" ci="4" mb="0" cb="0"/><line nr="111" mi="0" ci="1" mb="0" cb="0"/><line nr="115" mi="0" ci="2" mb="0" cb="0"/><line nr="119" mi="0" ci="4" mb="0" cb="0"/><line nr="120" mi="0" ci="1" mb="0" cb="0"/><line nr="124" mi="0" ci="1" mb="0" cb="0"/><line nr="125" mi="0" ci="1" mb="0" cb="0"/><counter type="INSTRUCTION" missed="0" covered="298"/><counter type="BRANCH" missed="0" covered="34"/><counter type="LINE" missed="0" covered="43"/><counter type="COMPLEXITY" missed="0" covered="24"/><counter type="METHOD" missed="0" covered="7"/><counter type="CLASS" missed="0" covered="1"/></sourcefile><counter type="INSTRUCTION" missed="0" covered="331"/><counter type="BRANCH" missed="0" covered="34"/><counter type="LINE" missed="0" covered="57"/><counter type="COMPLEXITY" missed="0" covered="31"/><counter type="METHOD" missed="0" covered="14"/><counter type="CLASS" missed="0" covered="2"/></package><counter type="INSTRUCTION" missed="0" covered="331"/><counter type="BRANCH" missed="0" covered="34"/><counter type="LINE" missed="0" covered="57"/><counter type="COMPLEXITY" missed="0" covered="31"/><counter type="METHOD" missed="0" covered="14"/><counter type="CLASS" missed="0" covered="2"/></report>