<?xml version="1.0" encoding="UTF-8"?>
<testsuite xmlns:xsi="http://www.w3.org/2001/XMLSchema-instance" xsi:noNamespaceSchemaLocation="https://maven.apache.org/surefire/maven-surefire-plugin/xsd/surefire-test-report-3.0.xsd" version="3.0" name="fi.oulu.tol.sqat.GildedRoseTest" time="0.186" tests="22" errors="0" skipped="0" failures="0">
  <properties>
[...]
</properties>
  <testcase name="testAgedBrie" classname="fi.oulu.tol.sqat.GildedRoseTest" time="0.014"/>
  <testcase name="testBackStagePassesMaxQuality" classname="fi.oulu.tol.sqat.GildedRoseTest" time="0.0"/>
  <testcase name="testSulfuras" classname="fi.oulu.tol.sqat.GildedRoseTest" time="0.0"/>
  <testcase name="testBackStagePasses" classname="fi.oulu.tol.sqat.GildedRoseTest" time="0.0"/>
  <testcase name="testBackStagePassesSellInAfterConcert" classname="fi.oulu.tol.sqat.GildedRoseTest" time="0.0"/>
  <testcase name="testElixirOfTHeMongooseQualityRateCheck" classname="fi.oulu.tol.sqat.GildedRoseTest" time="0.0"/>
  <testcase name="testAgedBrieMaxQuality" classname="fi.oulu.tol.sqat.GildedRoseTest" time="0.0"/>
  <testcase name="testUpdateQualityWithNoItems" classname="fi.oulu.tol.sqat.GildedRoseTest" time="0.0"/>
  <testcase name="testDexterityVestQualityRateCheck" classname="fi.oulu.tol.sqat.GildedRoseTest" time="0.0"/>
  <testcase name="testConjuredManaCake" classname="fi.oulu.tol.sqat.GildedRoseTest" time="0.0"/>
  <testcase name="testBackStagePassesSellInAfter6daysPassed" classname="fi.oulu.tol.sqat.GildedRoseTest" time="0.0"/>
  <testcase name="testSulfurasKeepUnchanged" classname="fi.oulu.tol.sqat.GildedRoseTest" time="0.0"/>
  <testcase name="testConjuredManaCakeQualityRateCheck" classname="fi.oulu.tol.sqat.GildedRoseTest" time="0.001"/>
  <testcase name="testSulfurasQualityNotDecreaseWhenSellInNegative" classname="fi.oulu.tol.sqat.GildedRoseTest" time="0.001"/>
  <testcase name="testElixirOfTheMongoose" classname="fi.oulu.tol.sqat.GildedRoseTest" time="0.001"/>
  <testcase name="testDexterityVestNegativeQuality" classname="fi.oulu.tol.sqat.GildedRoseTest" time="0.0"/>
  <testcase name="testConjuredManaCakeNegativeQuality" classname="fi.oulu.tol.sqat.GildedRoseTest" time="0.001"/>
  <testcase name="testElixirOfTheMongooseNegativeQuality" classname="fi.oulu.tol.sqat.GildedRoseTest" time="0.0"/>
  <testcase name="testAgedBrieQualityRateCheck" classname="fi.oulu.tol.sqat.GildedRoseTest" time="0.0"/>
  <testcase name="testDexterityVest" classname="fi.oulu.tol.sqat.GildedRoseTest" time="0.001"/>
  <testcase name="testBackStagePassesSellInAfter11daysPassed" classname="fi.oulu.tol.sqat.GildedRoseTest" time="0.001"/>
  <testcase name="testTheTruth" classname="fi.oulu.tol.sqat.GildedRoseTest" time="0.001"/>
</testsuite>